# JRE version: OpenJDK Runtime Environment (8.0_152-b01) (build 1.8.0_152-release-915-b01)
# Java VM: OpenJDK Server VM (25.152-b01 mixed mode windows-x86 )
Heap:
 def new generation   total 30784K, used 17844K [0x10e00000, 0x12f60000, 0x26350000)
  eden space 27392K,  52% used [0x10e00000, 0x11c1d1b0, 0x128c0000)
  from space 3392K, 100% used [0x128c0000, 0x12c10000, 0x12c10000)
  to   space 3392K,   0% used [0x12c10000, 0x12c10000, 0x12f60000)
 tenured generation   total 68124K, used 61763K [0x26350000, 0x2a5d7000, 0x50e00000)
   the space 68124K,  90% used [0x26350000, 0x29fa0c60, 0x29fa0e00, 0x2a5d7000)
 Metaspace       used 45098K, capacity 46606K, committed 46720K, reserved 47488K
GC Heap History (10 events):
Event: 375.816 GC heap before
{Heap before GC invocations=90 (full 4):
 def new generation   total 30784K, used 29802K [0x10e00000, 0x12f60000, 0x26350000)
  eden space 27392K, 100% used [0x10e00000, 0x128c0000, 0x128c0000)
  from space 3392K,  71% used [0x12c10000, 0x12e6a8b0, 0x12f60000)
  to   space 3392K,   0% used [0x128c0000, 0x128c0000, 0x12c10000)
 tenured generation   total 68124K, used 53040K [0x26350000, 0x2a5d7000, 0x50e00000)
   the space 68124K,  77% used [0x26350000, 0x2971c3e8, 0x2971c400, 0x2a5d7000)
 Metaspace       used 44139K, capacity 45607K, committed 45696K, reserved 46464K
Event: 375.840 GC heap after
Heap after GC invocations=91 (full 4):
 def new generation   total 30784K, used 1414K [0x10e00000, 0x12f60000, 0x26350000)
  eden space 27392K,   0% used [0x10e00000, 0x10e00000, 0x128c0000)
  from space 3392K,  41% used [0x128c0000, 0x12a21a60, 0x12c10000)
  to   space 3392K,   0% used [0x12c10000, 0x12c10000, 0x12f60000)
 tenured generation   total 68124K, used 54916K [0x26350000, 0x2a5d7000, 0x50e00000)
   the space 68124K,  80% used [0x26350000, 0x298f1140, 0x298f1200, 0x2a5d7000)
 Metaspace       used 44139K, capacity 45607K, committed 45696K, reserved 46464K
}
Event: 376.389 GC heap before
{Heap before GC invocations=91 (full 4):
 def new generation   total 30784K, used 28806K [0x10e00000, 0x12f60000, 0x26350000)
  eden space 27392K, 100% used [0x10e00000, 0x128c0000, 0x128c0000)
  from space 3392K,  41% used [0x128c0000, 0x12a21a60, 0x12c10000)
  to   space 3392K,   0% used [0x12c10000, 0x12c10000, 0x12f60000)
 tenured generation   total 68124K, used 54916K [0x26350000, 0x2a5d7000, 0x50e00000)
   the space 68124K,  80% used [0x26350000, 0x298f1140, 0x298f1200, 0x2a5d7000)
 Metaspace       used 44140K, capacity 45607K, committed 45696K, reserved 46464K
Event: 376.402 GC heap after
Heap after GC invocations=92 (full 4):
 def new generation   total 30784K, used 1810K [0x10e00000, 0x12f60000, 0x26350000)
  eden space 27392K,   0% used [0x10e00000, 0x10e00000, 0x128c0000)
  from space 3392K,  53% used [0x12c10000, 0x12dd4920, 0x12f60000)
  to   space 3392K,   0% used [0x128c0000, 0x128c0000, 0x12c10000)
 tenured generation   total 68124K, used 54916K [0x26350000, 0x2a5d7000, 0x50e00000)
   the space 68124K,  80% used [0x26350000, 0x298f1140, 0x298f1200, 0x2a5d7000)
 Metaspace       used 44140K, capacity 45607K, committed 45696K, reserved 46464K
}
Event: 380.565 GC heap before
{Heap before GC invocations=92 (full 4):
 def new generation   total 30784K, used 29202K [0x10e00000, 0x12f60000, 0x26350000)
  eden space 27392K, 100% used [0x10e00000, 0x128c0000, 0x128c0000)
  from space 3392K,  53% used [0x12c10000, 0x12dd4920, 0x12f60000)
  to   space 3392K,   0% used [0x128c0000, 0x128c0000, 0x12c10000)
 tenured generation   total 68124K, used 54916K [0x26350000, 0x2a5d7000, 0x50e00000)
   the space 68124K,  80% used [0x26350000, 0x298f1140, 0x298f1200, 0x2a5d7000)
 Metaspace       used 44204K, capacity 45634K, committed 45696K, reserved 46464K
Event: 380.591 GC heap after
Heap after GC invocations=93 (full 4):
 def new generation   total 30784K, used 2359K [0x10e00000, 0x12f60000, 0x26350000)
  eden space 27392K,   0% used [0x10e00000, 0x10e00000, 0x128c0000)
  from space 3392K,  69% used [0x128c0000, 0x12b0df50, 0x12c10000)
  to   space 3392K,   0% used [0x12c10000, 0x12c10000, 0x12f60000)
 tenured generation   total 68124K, used 56153K [0x26350000, 0x2a5d7000, 0x50e00000)
   the space 68124K,  82% used [0x26350000, 0x29a265f0, 0x29a26600, 0x2a5d7000)
 Metaspace       used 44204K, capacity 45634K, committed 45696K, reserved 46464K
}
Event: 385.466 GC heap before
{Heap before GC invocations=93 (full 4):
 def new generation   total 30784K, used 29751K [0x10e00000, 0x12f60000, 0x26350000)
  eden space 27392K, 100% used [0x10e00000, 0x128c0000, 0x128c0000)
  from space 3392K,  69% used [0x128c0000, 0x12b0df50, 0x12c10000)
  to   space 3392K,   0% used [0x12c10000, 0x12c10000, 0x12f60000)
 tenured generation   total 68124K, used 56153K [0x26350000, 0x2a5d7000, 0x50e00000)
   the space 68124K,  82% used [0x26350000, 0x29a265f0, 0x29a26600, 0x2a5d7000)
 Metaspace       used 44385K, capacity 45857K, committed 45952K, reserved 46464K
Event: 385.498 GC heap after
Heap after GC invocations=94 (full 4):
 def new generation   total 30784K, used 2762K [0x10e00000, 0x12f60000, 0x26350000)
  eden space 27392K,   0% used [0x10e00000, 0x10e00000, 0x128c0000)
  from space 3392K,  81% used [0x12c10000, 0x12ec2b38, 0x12f60000)
  to   space 3392K,   0% used [0x128c0000, 0x128c0000, 0x12c10000)
 tenured generation   total 68124K, used 58459K [0x26350000, 0x2a5d7000, 0x50e00000)
   the space 68124K,  85% used [0x26350000, 0x29c66db8, 0x29c66e00, 0x2a5d7000)
 Metaspace       used 44385K, capacity 45857K, committed 45952K, reserved 46464K
}
Event: 386.860 GC heap before
{Heap before GC invocations=94 (full 4):
 def new generation   total 30784K, used 30154K [0x10e00000, 0x12f60000, 0x26350000)
  eden space 27392K, 100% used [0x10e00000, 0x128c0000, 0x128c0000)
  from space 3392K,  81% used [0x12c10000, 0x12ec2b38, 0x12f60000)
  to   space 3392K,   0% used [0x128c0000, 0x128c0000, 0x12c10000)
 tenured generation   total 68124K, used 58459K [0x26350000, 0x2a5d7000, 0x50e00000)
   the space 68124K,  85% used [0x26350000, 0x29c66db8, 0x29c66e00, 0x2a5d7000)
 Metaspace       used 44523K, capacity 46025K, committed 46080K, reserved 46464K
Event: 386.909 GC heap after
Heap after GC invocations=95 (full 4):
 def new generation   total 30784K, used 3392K [0x10e00000, 0x12f60000, 0x26350000)
  eden space 27392K,   0% used [0x10e00000, 0x10e00000, 0x128c0000)
  from space 3392K, 100% used [0x128c0000, 0x12c10000, 0x12c10000)
  to   space 3392K,   0% used [0x12c10000, 0x12c10000, 0x12f60000)
 tenured generation   total 68124K, used 61763K [0x26350000, 0x2a5d7000, 0x50e00000)
   the space 68124K,  90% used [0x26350000, 0x29fa0c60, 0x29fa0e00, 0x2a5d7000)
 Metaspace       used 44523K, capacity 46025K, committed 46080K, reserved 46464K
}

